c:\users\fk\documents\visual studio 2013\projects\studentmanager\studentmanager\debug\studentmanager.pch
c:\users\fk\documents\visual studio 2013\projects\studentmanager\studentmanager\debug\vc120.pdb
c:\users\fk\documents\visual studio 2013\projects\studentmanager\studentmanager\debug\vc120.idb
c:\users\fk\documents\visual studio 2013\projects\studentmanager\studentmanager\debug\stdafx.obj
c:\users\fk\documents\visual studio 2013\projects\studentmanager\studentmanager\debug\addcoursedlg.obj
c:\users\fk\documents\visual studio 2013\projects\studentmanager\studentmanager\debug\addstudentdlg.obj
c:\users\fk\documents\visual studio 2013\projects\studentmanager\studentmanager\debug\childfrm.obj
c:\users\fk\documents\visual studio 2013\projects\studentmanager\studentmanager\debug\course.obj
c:\users\fk\documents\visual studio 2013\projects\studentmanager\studentmanager\debug\mainfrm.obj
c:\users\fk\documents\visual studio 2013\projects\studentmanager\studentmanager\debug\opdialog.obj
c:\users\fk\documents\visual studio 2013\projects\studentmanager\studentmanager\debug\sc.obj
c:\users\fk\documents\visual studio 2013\projects\studentmanager\studentmanager\debug\showdlg.obj
c:\users\fk\documents\visual studio 2013\projects\studentmanager\studentmanager\debug\student.obj
c:\users\fk\documents\visual studio 2013\projects\studentmanager\studentmanager\debug\studentmanager.obj
c:\users\fk\documents\visual studio 2013\projects\studentmanager\studentmanager\debug\studentmanagerdoc.obj
c:\users\fk\documents\visual studio 2013\projects\studentmanager\studentmanager\debug\studentmanagerview.obj
c:\users\fk\documents\visual studio 2013\projects\studentmanager\debug\studentmanager.ilk
c:\users\fk\documents\visual studio 2013\projects\studentmanager\debug\studentmanager.exe
c:\users\fk\documents\visual studio 2013\projects\studentmanager\debug\studentmanager.pdb
c:\users\fk\documents\visual studio 2013\projects\studentmanager\studentmanager\debug\studentmanager.res
c:\users\fk\documents\visual studio 2013\projects\studentmanager\studentmanager\debug\studentmanager.tlog\cl.command.1.tlog
c:\users\fk\documents\visual studio 2013\projects\studentmanager\studentmanager\debug\studentmanager.tlog\cl.read.1.tlog
c:\users\fk\documents\visual studio 2013\projects\studentmanager\studentmanager\debug\studentmanager.tlog\cl.write.1.tlog
c:\users\fk\documents\visual studio 2013\projects\studentmanager\studentmanager\debug\studentmanager.tlog\link.command.1.tlog
c:\users\fk\documents\visual studio 2013\projects\studentmanager\studentmanager\debug\studentmanager.tlog\link.read.1.tlog
c:\users\fk\documents\visual studio 2013\projects\studentmanager\studentmanager\debug\studentmanager.tlog\link.write.1.tlog
c:\users\fk\documents\visual studio 2013\projects\studentmanager\studentmanager\debug\studentmanager.tlog\rc.command.1.tlog
c:\users\fk\documents\visual studio 2013\projects\studentmanager\studentmanager\debug\studentmanager.tlog\rc.read.1.tlog
c:\users\fk\documents\visual studio 2013\projects\studentmanager\studentmanager\debug\studentmanager.tlog\rc.write.1.tlog
