生成启动时间为 2016/12/22 10:21:06。
     1>项目“C:\Users\Fk\documents\visual studio 2013\Projects\StudentManager\StudentManager\StudentManager.vcxproj”在节点 2 上(Build 个目标)。
     1>ClCompile:
         E:\visual_studio_2013\VC\bin\CL.exe /c /ZI /nologo /W3 /WX- /sdl /Od /Oy- /D WIN32 /D _WINDOWS /D _DEBUG /D _UNICODE /D UNICODE /D _AFXDLL /Gm /EHsc /RTC1 /MDd /GS /fp:precise /Zc:wchar_t /Zc:forScope /Yc"stdafx.h" /Fp"Debug\StudentManager.pch" /Fo"Debug\\" /Fd"Debug\vc120.pdb" /Gd /TP /analyze- /errorReport:prompt stdafx.cpp
         stdafx.cpp
         E:\visual_studio_2013\VC\bin\CL.exe /c /ZI /nologo /W3 /WX- /sdl /Od /Oy- /D WIN32 /D _WINDOWS /D _DEBUG /D _UNICODE /D UNICODE /D _AFXDLL /Gm /EHsc /RTC1 /MDd /GS /fp:precise /Zc:wchar_t /Zc:forScope /Yu"stdafx.h" /Fp"Debug\StudentManager.pch" /Fo"Debug\\" /Fd"Debug\vc120.pdb" /Gd /TP /analyze- /errorReport:prompt AddCourseDlg.cpp AddStudentDlg.cpp ChildFrm.cpp Course.cpp MainFrm.cpp OpDialog.cpp SC.cpp ShowDlg.cpp Student.cpp StudentManager.cpp StudentManagerDoc.cpp StudentManagerView.cpp
         StudentManagerView.cpp
         StudentManagerDoc.cpp
         StudentManager.cpp
         Student.cpp
         ShowDlg.cpp
         SC.cpp
         OpDialog.cpp
         MainFrm.cpp
         Course.cpp
         ChildFrm.cpp
         AddStudentDlg.cpp
         AddCourseDlg.cpp
         正在生成代码...
       ResourceCompile:
         C:\Program Files (x86)\Windows Kits\8.1\bin\x86\rc.exe /D _DEBUG /D _UNICODE /D UNICODE /D _AFXDLL /l"0x0804" /IDebug\ /nologo /fo"Debug\StudentManager.res" StudentManager.rc 
       Link:
         E:\visual_studio_2013\VC\bin\link.exe /ERRORREPORT:PROMPT /OUT:"C:\Users\Fk\documents\visual studio 2013\Projects\StudentManager\Debug\StudentManager.exe" /INCREMENTAL /NOLOGO /MANIFEST /MANIFESTUAC:"level='asInvoker' uiAccess='false'" /manifest:embed /manifestinput:E:\visual_studio_2013\VC\Include\Manifest\dpiaware.manifest /DEBUG /PDB:"C:\Users\Fk\documents\visual studio 2013\Projects\StudentManager\Debug\StudentManager.pdb" /SUBSYSTEM:WINDOWS /TLBID:1 /ENTRY:"wWinMainCRTStartup" /DYNAMICBASE /NXCOMPAT /IMPLIB:"C:\Users\Fk\documents\visual studio 2013\Projects\StudentManager\Debug\StudentManager.lib" /MACHINE:X86 Debug\StudentManager.res
         Debug\AddCourseDlg.obj
         Debug\AddStudentDlg.obj
         Debug\ChildFrm.obj
         Debug\Course.obj
         Debug\MainFrm.obj
         Debug\OpDialog.obj
         Debug\SC.obj
         Debug\ShowDlg.obj
         Debug\stdafx.obj
         Debug\Student.obj
         Debug\StudentManager.obj
         Debug\StudentManagerDoc.obj
         Debug\StudentManagerView.obj
         StudentManager.vcxproj -> C:\Users\Fk\documents\visual studio 2013\Projects\StudentManager\Debug\StudentManager.exe
     1>已完成生成项目“C:\Users\Fk\documents\visual studio 2013\Projects\StudentManager\StudentManager\StudentManager.vcxproj”(Build 个目标)的操作。

生成成功。

已用时间 00:00:45.01
